[debug] [2018-07-30T02:07:25.700Z] ----------------------------------------------------------------------
[debug] [2018-07-30T02:07:25.703Z] Command:       /usr/local/bin/node /usr/local/bin/firebase serve
[debug] [2018-07-30T02:07:25.703Z] CLI Version:   3.17.5
[debug] [2018-07-30T02:07:25.703Z] Platform:      darwin
[debug] [2018-07-30T02:07:25.703Z] Node Version:  v8.10.0
[debug] [2018-07-30T02:07:25.704Z] Time:          Sun Jul 29 2018 20:07:25 GMT-0600 (MDT)
[debug] [2018-07-30T02:07:25.704Z] ----------------------------------------------------------------------
[debug] 
[debug] [2018-07-30T02:07:25.794Z] > command requires scopes: ["email","openid","https://www.googleapis.com/auth/cloudplatformprojects.readonly","https://www.googleapis.com/auth/firebase","https://www.googleapis.com/auth/cloud-platform"]
[debug] [2018-07-30T02:07:25.794Z] > authorizing via signed-in user
[debug] [2018-07-30T02:07:25.797Z] > refreshing access token with scopes: ["email","https://www.googleapis.com/auth/cloud-platform","https://www.googleapis.com/auth/cloudplatformprojects.readonly","https://www.googleapis.com/auth/firebase","openid"]
[debug] [2018-07-30T02:07:25.797Z] >>> HTTP REQUEST POST https://www.googleapis.com/oauth2/v3/token  
 { refresh_token: '1/4t040chP_iQuW7N8MKzXAdQXcJNCMRtAzo5RXszAZIg',
  client_id: '563584335869-fgrhgmd47bqnekij5i8b5pr03ho849e6.apps.googleusercontent.com',
  client_secret: 'j9iVZfS8kkCEFUPaAeJV0sAi',
  grant_type: 'refresh_token',
  scope: 'email https://www.googleapis.com/auth/cloud-platform https://www.googleapis.com/auth/cloudplatformprojects.readonly https://www.googleapis.com/auth/firebase openid' } 
 Sun Jul 29 2018 20:07:25 GMT-0600 (MDT)
[debug] [2018-07-30T02:07:26.226Z] <<< HTTP RESPONSE 200
[debug] [2018-07-30T02:07:26.320Z] >>> HTTP REQUEST GET https://admin.firebase.com/v1/projects/forted-2992  
  
 Sun Jul 29 2018 20:07:26 GMT-0600 (MDT)
[debug] [2018-07-30T02:07:27.162Z] <<< HTTP RESPONSE 200
[debug] [2018-07-30T02:07:27.163Z] >>> HTTP REQUEST GET https://admin.firebase.com/v1/database/forted-2992/tokens  
  
 Sun Jul 29 2018 20:07:27 GMT-0600 (MDT)
[debug] [2018-07-30T02:07:27.613Z] <<< HTTP RESPONSE 200
[debug] [2018-07-30T02:07:27.614Z] >>> HTTP REQUEST GET https://cloudresourcemanager.googleapis.com/v1/projects/forted-2992  
  
 Sun Jul 29 2018 20:07:27 GMT-0600 (MDT)
[debug] [2018-07-30T02:07:29.300Z] <<< HTTP RESPONSE 200
[info] 
[info] === Serving from '/Users/SofiaTM/Documents/FortedProj'...
[info] 
[debug] [2018-07-30T02:07:29.303Z] >>> HTTP REQUEST GET https://mobilesdk-pa.googleapis.com/v1/projects/402459949095/clients/_:getWebAppConfig  
  
 Sun Jul 29 2018 20:07:29 GMT-0600 (MDT)
[debug] [2018-07-30T02:07:29.860Z] <<< HTTP RESPONSE 200
[info] i  hosting: Serving hosting files from: public
[info] ✔  hosting: Local server: http://localhost:5000

